0 verbose cli C:\Program Files\nodejs\node.exe C:\Program Files\nodejs\node_modules\npm\bin\npm-cli.js
1 info using npm@8.15.0
2 info using node@v16.17.0
3 timing npm:load:whichnode Completed in 2ms
4 timing config:load:defaults Completed in 4ms
5 timing config:load:file:C:\Program Files\nodejs\node_modules\npm\npmrc Completed in 5ms
6 timing config:load:builtin Completed in 5ms
7 timing config:load:cli Completed in 7ms
8 timing config:load:env Completed in 2ms
9 timing config:load:project Completed in 4ms
10 timing config:load:file:C:\Users\Jakub Voráček\.npmrc Completed in 2ms
11 timing config:load:user Completed in 2ms
12 timing config:load:file:C:\Users\Jakub Voráček\AppData\Roaming\npm\etc\npmrc Completed in 1ms
13 timing config:load:global Completed in 1ms
14 timing config:load:validate Completed in 1ms
15 timing config:load:credentials Completed in 3ms
16 timing config:load:setEnvs Completed in 5ms
17 timing config:load Completed in 36ms
18 timing npm:load:configload Completed in 37ms
19 timing npm:load:mkdirpcache Completed in 2ms
20 timing npm:load:mkdirplogs Completed in 1ms
21 verbose title npm prefix
22 verbose argv "prefix" "--global"
23 timing npm:load:setTitle Completed in 2ms
24 timing config:load:flatten Completed in 9ms
25 timing npm:load:display Completed in 11ms
26 verbose logfile logs-max:10 dir:C:\Users\Jakub Voráček\Documents\code\ki\ki\tmpnodejsnpm-cache\_logs
27 verbose logfile C:\Users\Jakub Voráček\Documents\code\ki\ki\tmpnodejsnpm-cache\_logs\2022-09-25T09_44_12_075Z-debug-0.log
28 timing npm:load:logFile Completed in 20ms
29 timing npm:load:timers Completed in 0ms
30 timing npm:load:configScope Completed in 1ms
31 timing npm:load Completed in 78ms
32 timing command:prefix Completed in 4ms
33 verbose exit 0
34 timing npm Completed in 104ms
35 info ok
