0 verbose cli C:\Program Files\nodejs\node.exe C:\Program Files\nodejs\node_modules\npm\bin\npm-cli.js
1 info using npm@8.15.0
2 info using node@v16.17.0
3 timing npm:load:whichnode Completed in 1ms
4 timing config:load:defaults Completed in 3ms
5 timing config:load:file:C:\Program Files\nodejs\node_modules\npm\npmrc Completed in 9ms
6 timing config:load:builtin Completed in 10ms
7 timing config:load:cli Completed in 6ms
8 timing config:load:env Completed in 1ms
9 timing config:load:file:c:\Users\Jakub Voráček\Documents\code\ki\ki\.npmrc Completed in 0ms
10 timing config:load:project Completed in 12ms
11 timing config:load:file:C:\Users\Jakub Voráček\.npmrc Completed in 1ms
12 timing config:load:user Completed in 2ms
13 timing config:load:file:C:\Users\Jakub Voráček\AppData\Roaming\npm\etc\npmrc Completed in 1ms
14 timing config:load:global Completed in 2ms
15 timing config:load:validate Completed in 0ms
16 timing config:load:credentials Completed in 3ms
17 timing config:load:setEnvs Completed in 2ms
18 timing config:load Completed in 41ms
19 timing npm:load:configload Completed in 41ms
20 timing npm:load:mkdirpcache Completed in 2ms
21 timing npm:load:mkdirplogs Completed in 0ms
22 verbose title npm view lerna description dist-tags.latest homepage version
23 verbose argv "view" "--json" "lerna" "description" "dist-tags.latest" "homepage" "version"
24 timing npm:load:setTitle Completed in 4ms
25 timing config:load:flatten Completed in 6ms
26 timing npm:load:display Completed in 7ms
27 verbose logfile logs-max:10 dir:C:\Users\Jakub Voráček\Documents\code\ki\ki\tmpnodejsnpm-cache\_logs
28 verbose logfile C:\Users\Jakub Voráček\Documents\code\ki\ki\tmpnodejsnpm-cache\_logs\2022-09-24T12_11_13_606Z-debug-0.log
29 timing npm:load:logFile Completed in 14ms
30 timing npm:load:timers Completed in 0ms
31 timing npm:load:configScope Completed in 0ms
32 timing npm:load Completed in 72ms
33 silly logfile done cleaning log files
34 http fetch GET 200 https://registry.npmjs.org/lerna 1515ms (cache miss)
35 timing command:view Completed in 1553ms
36 verbose exit 0
37 timing npm Completed in 1680ms
38 info ok
